
--------------- INIT PLOT ----------------
/leonardo/home/userexternal/mdasilva/github_projects/pypostdoc/cordex5/trend/function_trend.py:44: RuntimeWarning: divide by zero encountered in scalar divide
  r_squared = 1 - (ss_res / ss_tot)
/leonardo/home/userexternal/mdasilva/github_projects/pypostdoc/cordex5/trend/plot_maps_trend.py:392: UserWarning: FigureCanvasAgg is non-interactive, and thus cannot be shown
  plt.show()
Processing variable: pr
Time period: 1970-2014
Domain: EAS-12
--------------------------------------------------

1. Importing data...
Reading CRU: /leonardo/home/userexternal/mdasilva/leonardo_work/CORDEX5/postproc/trend/global/pre_CRU_year_1970-2014.nc
  Data shape: (45, 360, 720)
  Lon range: [-179.8, 179.8]
  Lat range: [-89.8, 89.8]
Reading ERA5: /leonardo/home/userexternal/mdasilva/leonardo_work/CORDEX5/postproc/trend/global/tp_ERA5_year_1970-2014.nc
  Data shape: (45, 721, 1440)
  Lon range: [-180.0, 179.8]
  Lat range: [-90.0, 90.0]
Reading RegCM5: /leonardo/home/userexternal/mdasilva/leonardo_work/CORDEX5/postproc/trend/EAS-12/pr_EAS-12_ERA5_RegCM5_year_1970-2014.nc
  2D lat/lon coordinates
  2D coordinates detected
  Data shape: (41, 671, 815)
  Lon shape: (671, 815), range: [-180.0, 180.0]
  Lat shape: (671, 815), range: [-9.5, 71.2]
Reading EC-Earth3-Veg: /leonardo/home/userexternal/mdasilva/leonardo_work/CORDEX5/postproc/trend/global/pr_EC-Earth3-Veg_year_1970-2014.nc
  Data shape: (45, 256, 512)
  Lon range: [-180.0, 179.3]
  Lat range: [-89.5, 89.5]
Reading MPI-ESM1-2-HR: /leonardo/home/userexternal/mdasilva/leonardo_work/CORDEX5/postproc/trend/global/pr_MPI-ESM1-2-HR_year_1970-2014.nc
  Data shape: (45, 192, 384)
  Lon range: [-180.0, 179.1]
  Lat range: [-89.3, 89.3]
Reading NorESM2-MM: /leonardo/home/userexternal/mdasilva/leonardo_work/CORDEX5/postproc/trend/global/pr_NorESM2-MM_year_1970-2014.nc
  Data shape: (45, 192, 288)
  Lon range: [-180.0, 178.8]
  Lat range: [-90.0, 90.0]
Reading EC-Earth3-Veg: /leonardo/home/userexternal/mdasilva/leonardo_work/CORDEX5/postproc/trend/global/pr_EC-Earth3-Veg_year_1970-2014.nc
  Data shape: (45, 256, 512)
  Lon range: [-180.0, 179.3]
  Lat range: [-89.5, 89.5]
Reading MPI-ESM1-2-HR: /leonardo/home/userexternal/mdasilva/leonardo_work/CORDEX5/postproc/trend/global/pr_MPI-ESM1-2-HR_year_1970-2014.nc
  Data shape: (45, 192, 384)
  Lon range: [-180.0, 179.1]
  Lat range: [-89.3, 89.3]
Reading NorESM2-MM: /leonardo/home/userexternal/mdasilva/leonardo_work/CORDEX5/postproc/trend/global/pr_NorESM2-MM_year_1970-2014.nc
  Data shape: (45, 192, 288)
  Lon range: [-180.0, 178.8]
  Lat range: [-90.0, 90.0]

2. Processing RegCM coordinates...
All the other domains uses regular lat/lon coordinates

3. Calculating trends...
  CRU trend range: [-43.828, 37.993]
  ERA5 trend range: [-35.188, 101.731]
  RegCM-ERA5 trend range: [-75.434, 140.512]
  RegCM-EC-Earth3-Veg trend range: [-33.846, 40.807]
  RegCM-MPI-ESM1-2-HR trend range: [-27.496, 23.862]
  RegCM-NorESM2-MM trend range: [-21.298, 21.436]
  EC-Earth3-Veg trend range: [-33.846, 40.807]
  MPI-ESM1-2-HR trend range: [-27.496, 23.862]
  NorESM2-MM trend range: [-21.298, 21.436]

4. Creating plot...

4. Saving figure: /leonardo/home/userexternal/mdasilva/leonardo_work/CORDEX5/figs/trend/pyplt_maps_trend_pr_EAS-12_RegCM5_1970-2014.png
Done!
slurmstepd: error: *** JOB 40044576 ON lrdn4801 CANCELLED AT 2026-04-17T13:09:38 ***
