
--------------- INIT PLOT ----------------
/leonardo/home/userexternal/mdasilva/github_projects/pypostdoc/cordex5/trend/plot_maps_trend.py:387: UserWarning: FigureCanvasAgg is non-interactive, and thus cannot be shown
  plt.show()
Processing variable: tasmin
Time period: 1970-2014
Domain: AUS-12
--------------------------------------------------

1. Importing data...
Reading CRU: /leonardo/home/userexternal/mdasilva/leonardo_work/CORDEX5/postproc/trend/global/tmn_CRU_year_1970-2014.nc
  Data shape: (45, 360, 720)
  Lon range: [-179.8, 179.8]
  Lat range: [-89.8, 89.8]
Reading ERA5: /leonardo/home/userexternal/mdasilva/leonardo_work/CORDEX5/postproc/trend/global/mn2t_ERA5_year_1970-2014.nc
  Data shape: (45, 721, 1440)
  Lon range: [-180.0, 179.8]
  Lat range: [-90.0, 90.0]
Reading RegCM5: /leonardo/home/userexternal/mdasilva/leonardo_work/CORDEX5/postproc/trend/AUS-12/tasmin_AUS-12_ERA5_RegCM5_year_1970-2014.nc
  2D lat/lon coordinates
  2D coordinates detected
  Data shape: (45, 519, 803)
  Lon shape: (519, 803), range: [-180.0, 180.0]
  Lat shape: (519, 803), range: [-52.4, 11.7]
Reading RegCM5: /leonardo/home/userexternal/mdasilva/leonardo_work/CORDEX5/postproc/trend/AUS-12/tasmin_AUS-12_EC-Earth3-Veg_RegCM5_year_1970-2014.nc
  2D lat/lon coordinates
  2D coordinates detected
  Data shape: (18, 519, 803)
  Lon shape: (519, 803), range: [-180.0, 180.0]
  Lat shape: (519, 803), range: [-52.4, 11.7]
Reading RegCM5: /leonardo/home/userexternal/mdasilva/leonardo_work/CORDEX5/postproc/trend/AUS-12/tasmin_AUS-12_MPI-ESM1-2-HR_RegCM5_year_1970-2014.nc
  2D lat/lon coordinates
  2D coordinates detected
  Data shape: (20, 519, 803)
  Lon shape: (519, 803), range: [-180.0, 180.0]
  Lat shape: (519, 803), range: [-52.4, 11.7]
Reading RegCM5: /leonardo/home/userexternal/mdasilva/leonardo_work/CORDEX5/postproc/trend/AUS-12/tasmin_AUS-12_NorESM2-MM_RegCM5_year_1970-2014.nc
  2D lat/lon coordinates
  2D coordinates detected
  Data shape: (20, 519, 803)
  Lon shape: (519, 803), range: [-180.0, 180.0]
  Lat shape: (519, 803), range: [-52.4, 11.7]
Reading EC-Earth3-Veg: /leonardo/home/userexternal/mdasilva/leonardo_work/CORDEX5/postproc/trend/global/tasmin_EC-Earth3-Veg_year_1970-2014.nc
  Data shape: (45, 256, 512)
  Lon range: [-180.0, 179.3]
  Lat range: [-89.5, 89.5]
Reading MPI-ESM1-2-HR: /leonardo/home/userexternal/mdasilva/leonardo_work/CORDEX5/postproc/trend/global/tasmin_MPI-ESM1-2-HR_year_1970-2014.nc
  Data shape: (45, 192, 384)
  Lon range: [-180.0, 179.1]
  Lat range: [-89.3, 89.3]
Reading NorESM2-MM: /leonardo/home/userexternal/mdasilva/leonardo_work/CORDEX5/postproc/trend/global/tasmin_NorESM2-MM_year_1970-2014.nc
  Data shape: (45, 192, 288)
  Lon range: [-180.0, 178.8]
  Lat range: [-90.0, 90.0]

2. Processing RegCM coordinates...
  Regular coordinates detected

3. Calculating trends...
  CRU trend range: [-0.076, 0.095]
  ERA5 trend range: [-0.056, 0.161]
  RegCM-ERA5 trend range: [-0.007, 0.027]
  RegCM-EC-Earth3-Veg trend range: [-0.021, 0.098]
  RegCM-MPI-ESM1-2-HR trend range: [-0.017, 0.105]
  RegCM-NorESM2-MM trend range: [-0.053, 0.060]
  EC-Earth3-Veg trend range: [-0.025, 0.189]
  MPI-ESM1-2-HR trend range: [-0.070, 0.102]
  NorESM2-MM trend range: [-0.074, 0.151]

4. Creating plot...

4. Saving figure: /leonardo/home/userexternal/mdasilva/leonardo_work/CORDEX5/figs/trend/pyplt_maps_trend_tasmin_AUS-12_RegCM5_1970-2014.png
Done!
/leonardo/home/userexternal/mdasilva/github_projects/pypostdoc/cordex5/trend/plot_maps_trend.py:387: UserWarning: FigureCanvasAgg is non-interactive, and thus cannot be shown
  plt.show()
Processing variable: tasmin
Time period: 1970-2014
Domain: EUR-12
--------------------------------------------------

1. Importing data...
Reading CRU: /leonardo/home/userexternal/mdasilva/leonardo_work/CORDEX5/postproc/trend/global/tmn_CRU_year_1970-2014.nc
  Data shape: (45, 360, 720)
  Lon range: [-179.8, 179.8]
  Lat range: [-89.8, 89.8]
Reading ERA5: /leonardo/home/userexternal/mdasilva/leonardo_work/CORDEX5/postproc/trend/global/mn2t_ERA5_year_1970-2014.nc
  Data shape: (45, 721, 1440)
  Lon range: [-180.0, 179.8]
  Lat range: [-90.0, 90.0]
Reading RegCM5: /leonardo/home/userexternal/mdasilva/leonardo_work/CORDEX5/postproc/trend/EUR-12/tasmin_EUR-12_ERA5_RegCM5_year_1970-2014.nc
  2D lat/lon coordinates
  2D coordinates detected
  Data shape: (45, 412, 424)
  Lon shape: (412, 424), range: [-42.7, 61.6]
  Lat shape: (412, 424), range: [20.2, 70.9]
Reading RegCM5: /leonardo/home/userexternal/mdasilva/leonardo_work/CORDEX5/postproc/trend/EUR-12/tasmin_EUR-12_EC-Earth3-Veg_RegCM5_year_1970-2014.nc
  2D lat/lon coordinates
  2D coordinates detected
  Data shape: (45, 412, 424)
  Lon shape: (412, 424), range: [-42.7, 61.6]
  Lat shape: (412, 424), range: [20.2, 70.9]
Reading RegCM5: /leonardo/home/userexternal/mdasilva/leonardo_work/CORDEX5/postproc/trend/EUR-12/tasmin_EUR-12_MPI-ESM1-2-HR_RegCM5_year_1970-2014.nc
  2D lat/lon coordinates
  2D coordinates detected
  Data shape: (45, 412, 424)
  Lon shape: (412, 424), range: [-42.7, 61.6]
  Lat shape: (412, 424), range: [20.2, 70.9]
Reading RegCM5: /leonardo/home/userexternal/mdasilva/leonardo_work/CORDEX5/postproc/trend/EUR-12/tasmin_EUR-12_NorESM2-MM_RegCM5_year_1970-2014.nc
  2D lat/lon coordinates
  2D coordinates detected
  Data shape: (45, 412, 424)
  Lon shape: (412, 424), range: [-42.7, 61.6]
  Lat shape: (412, 424), range: [20.2, 70.9]
Reading EC-Earth3-Veg: /leonardo/home/userexternal/mdasilva/leonardo_work/CORDEX5/postproc/trend/global/tasmin_EC-Earth3-Veg_year_1970-2014.nc
  Data shape: (45, 256, 512)
  Lon range: [-180.0, 179.3]
  Lat range: [-89.5, 89.5]
Reading MPI-ESM1-2-HR: /leonardo/home/userexternal/mdasilva/leonardo_work/CORDEX5/postproc/trend/global/tasmin_MPI-ESM1-2-HR_year_1970-2014.nc
  Data shape: (45, 192, 384)
  Lon range: [-180.0, 179.1]
  Lat range: [-89.3, 89.3]
Reading NorESM2-MM: /leonardo/home/userexternal/mdasilva/leonardo_work/CORDEX5/postproc/trend/global/tasmin_NorESM2-MM_year_1970-2014.nc
  Data shape: (45, 192, 288)
  Lon range: [-180.0, 178.8]
  Lat range: [-90.0, 90.0]

2. Processing RegCM coordinates...
All the other domains uses regular lat/lon coordinates

3. Calculating trends...
  CRU trend range: [-0.076, 0.095]
  ERA5 trend range: [-0.056, 0.161]
  RegCM-ERA5 trend range: [-0.000, 0.133]
  RegCM-EC-Earth3-Veg trend range: [0.011, 0.147]
  RegCM-MPI-ESM1-2-HR trend range: [-0.038, 0.144]
  RegCM-NorESM2-MM trend range: [-0.012, 0.129]
  EC-Earth3-Veg trend range: [-0.025, 0.189]
  MPI-ESM1-2-HR trend range: [-0.070, 0.102]
  NorESM2-MM trend range: [-0.074, 0.151]

4. Creating plot...

4. Saving figure: /leonardo/home/userexternal/mdasilva/leonardo_work/CORDEX5/figs/trend/pyplt_maps_trend_tasmin_EUR-12_RegCM5_1970-2014.png
Done!
/leonardo/home/userexternal/mdasilva/github_projects/pypostdoc/cordex5/trend/plot_maps_trend.py:387: UserWarning: FigureCanvasAgg is non-interactive, and thus cannot be shown
  plt.show()
Processing variable: tasmin
Time period: 1970-2014
Domain: SAM-12
--------------------------------------------------

1. Importing data...
Reading CRU: /leonardo/home/userexternal/mdasilva/leonardo_work/CORDEX5/postproc/trend/global/tmn_CRU_year_1970-2014.nc
  Data shape: (45, 360, 720)
  Lon range: [-179.8, 179.8]
  Lat range: [-89.8, 89.8]
Reading ERA5: /leonardo/home/userexternal/mdasilva/leonardo_work/CORDEX5/postproc/trend/global/mn2t_ERA5_year_1970-2014.nc
  Data shape: (45, 721, 1440)
  Lon range: [-180.0, 179.8]
  Lat range: [-90.0, 90.0]
Reading RegCM5: /leonardo/home/userexternal/mdasilva/leonardo_work/CORDEX5/postproc/trend/SAM-12/tasmin_SAM-12_ERA5_RegCM5_year_1970-2014.nc
  2D lat/lon coordinates
  2D coordinates detected
  Data shape: (45, 671, 587)
  Lon shape: (671, 587), range: [-106.1, -16.2]
  Lat shape: (671, 587), range: [-58.1, 18.8]
Reading RegCM5: /leonardo/home/userexternal/mdasilva/leonardo_work/CORDEX5/postproc/trend/SAM-12/tasmin_SAM-12_EC-Earth3-Veg_RegCM5_year_1970-2014.nc
  2D lat/lon coordinates
  2D coordinates detected
  Data shape: (12, 671, 587)
  Lon shape: (671, 587), range: [-106.1, -16.2]
  Lat shape: (671, 587), range: [-58.1, 18.8]
Reading RegCM5: /leonardo/home/userexternal/mdasilva/leonardo_work/CORDEX5/postproc/trend/SAM-12/tasmin_SAM-12_MPI-ESM1-2-HR_RegCM5_year_1970-2014.nc
  2D lat/lon coordinates
  2D coordinates detected
  Data shape: (12, 671, 587)
  Lon shape: (671, 587), range: [-106.1, -16.2]
  Lat shape: (671, 587), range: [-58.1, 18.8]
Reading RegCM5: /leonardo/home/userexternal/mdasilva/leonardo_work/CORDEX5/postproc/trend/SAM-12/tasmin_SAM-12_NorESM2-MM_RegCM5_year_1970-2014.nc
  2D lat/lon coordinates
  2D coordinates detected
  Data shape: (12, 671, 587)
  Lon shape: (671, 587), range: [-106.1, -16.2]
  Lat shape: (671, 587), range: [-58.1, 18.8]
Reading EC-Earth3-Veg: /leonardo/home/userexternal/mdasilva/leonardo_work/CORDEX5/postproc/trend/global/tasmin_EC-Earth3-Veg_year_1970-2014.nc
  Data shape: (45, 256, 512)
  Lon range: [-180.0, 179.3]
  Lat range: [-89.5, 89.5]
Reading MPI-ESM1-2-HR: /leonardo/home/userexternal/mdasilva/leonardo_work/CORDEX5/postproc/trend/global/tasmin_MPI-ESM1-2-HR_year_1970-2014.nc
  Data shape: (45, 192, 384)
  Lon range: [-180.0, 179.1]
  Lat range: [-89.3, 89.3]
Reading NorESM2-MM: /leonardo/home/userexternal/mdasilva/leonardo_work/CORDEX5/postproc/trend/global/tasmin_NorESM2-MM_year_1970-2014.nc
  Data shape: (45, 192, 288)
  Lon range: [-180.0, 178.8]
  Lat range: [-90.0, 90.0]

2. Processing RegCM coordinates...
All the other domains uses regular lat/lon coordinates

3. Calculating trends...
  CRU trend range: [-0.076, 0.095]
  ERA5 trend range: [-0.056, 0.161]
  RegCM-ERA5 trend range: [-0.030, 0.112]
  RegCM-EC-Earth3-Veg trend range: [-0.436, 0.621]
  RegCM-MPI-ESM1-2-HR trend range: [-0.568, 0.681]
  RegCM-NorESM2-MM trend range: [-0.319, 0.754]
  EC-Earth3-Veg trend range: [-0.025, 0.189]
  MPI-ESM1-2-HR trend range: [-0.070, 0.102]
  NorESM2-MM trend range: [-0.074, 0.151]

4. Creating plot...

4. Saving figure: /leonardo/home/userexternal/mdasilva/leonardo_work/CORDEX5/figs/trend/pyplt_maps_trend_tasmin_SAM-12_RegCM5_1970-2014.png
Done!

--------------- THE END PLOT ----------------
