
--------------- INIT PLOT ----------------
/leonardo/home/userexternal/mdasilva/github_projects/pypostdoc/cordex5/trend/plot_maps_trend_SAM-12.py:229: RuntimeWarning: divide by zero encountered in scalar divide
  r_squared = 1 - (ss_res / ss_tot)
/leonardo/home/userexternal/mdasilva/github_projects/pypostdoc/cordex5/trend/plot_maps_trend_SAM-12.py:376: UserWarning: FigureCanvasAgg is non-interactive, and thus cannot be shown
  plt.show()
Processing variable: pr
Time period: 1970-2014
Domain: SAM-12
--------------------------------------------------

1. Importing data...
Reading CRU: /leonardo/home/userexternal/mdasilva/leonardo_work/CORDEX5/postproc/trend/global/pre_CRU_year_1970-2014.nc
  Data shape: (45, 360, 720)
  Lon range: [-179.8, 179.8]
  Lat range: [-89.8, 89.8]
Reading ERA5: /leonardo/home/userexternal/mdasilva/leonardo_work/CORDEX5/postproc/trend/global/tp_ERA5_year_1970-2014.nc
  Data shape: (45, 721, 1440)
  Lon range: [-180.0, 179.8]
  Lat range: [-90.0, 90.0]
Reading RegCM5: /leonardo/home/userexternal/mdasilva/leonardo_work/CORDEX5/postproc/trend/SAM-12/pr_SAM-12_ERA5_RegCM5_year_1970-2014.nc
  2D lat/lon coordinates
  Data shape: (45, 671, 587)
  Lon shape: (671, 587), range: [-106.1, -16.2]
  Lat shape: (671, 587), range: [-58.1, 18.8]
Reading RegCM5: /leonardo/home/userexternal/mdasilva/leonardo_work/CORDEX5/postproc/trend/SAM-12/pr_SAM-12_EC-Earth3-Veg_RegCM5_year_1970-2014.nc
  2D lat/lon coordinates
  Data shape: (11, 671, 587)
  Lon shape: (671, 587), range: [-106.1, -16.2]
  Lat shape: (671, 587), range: [-58.1, 18.8]
Reading RegCM5: /leonardo/home/userexternal/mdasilva/leonardo_work/CORDEX5/postproc/trend/SAM-12/pr_SAM-12_MPI-ESM1-2-HR_RegCM5_year_1970-2014.nc
  2D lat/lon coordinates
  Data shape: (11, 671, 587)
  Lon shape: (671, 587), range: [-106.1, -16.2]
  Lat shape: (671, 587), range: [-58.1, 18.8]
Reading RegCM5: /leonardo/home/userexternal/mdasilva/leonardo_work/CORDEX5/postproc/trend/SAM-12/pr_SAM-12_NorESM2-MM_RegCM5_year_1970-2014.nc
  2D lat/lon coordinates
  Data shape: (11, 671, 587)
  Lon shape: (671, 587), range: [-106.1, -16.2]
  Lat shape: (671, 587), range: [-58.1, 18.8]
Reading EC-Earth3-Veg: /leonardo/home/userexternal/mdasilva/leonardo_work/CORDEX5/postproc/trend/global/pr_EC-Earth3-Veg_year_1970-2014.nc
  Data shape: (45, 256, 512)
  Lon range: [-180.0, 179.3]
  Lat range: [-89.5, 89.5]
Reading MPI-ESM1-2-HR: /leonardo/home/userexternal/mdasilva/leonardo_work/CORDEX5/postproc/trend/global/pr_MPI-ESM1-2-HR_year_1970-2014.nc
  Data shape: (45, 192, 384)
  Lon range: [-180.0, 179.1]
  Lat range: [-89.3, 89.3]
Reading NorESM2-MM: /leonardo/home/userexternal/mdasilva/leonardo_work/CORDEX5/postproc/trend/global/pr_NorESM2-MM_year_1970-2014.nc
  Data shape: (45, 192, 288)
  Lon range: [-180.0, 178.8]
  Lat range: [-90.0, 90.0]

2. Processing RegCM coordinates...
All the other domains uses regular lat/lon coordinates

3. Calculating trends...
  CRU trend range: [-43.828, 37.993]
  ERA5 trend range: [-35.188, 101.731]
  RegCM-ERA5 trend range: [-49.829, 157.491]
  RegCM-EC-Earth3-Veg trend range: [-274.706, 305.024]
  RegCM-MPI-ESM1-2-HR trend range: [-231.612, 238.995]
  RegCM-NorESM2-MM trend range: [-548.327, 466.584]
  EC-Earth3-Veg trend range: [-33.846, 40.807]
  MPI-ESM1-2-HR trend range: [-27.496, 23.862]
  NorESM2-MM trend range: [-21.298, 21.436]

4. Creating plot...

4. Saving figure: /leonardo/home/userexternal/mdasilva/leonardo_work/CORDEX5/figs/trend/pyplt_maps_trend_pr_SAM-12_RegCM5_1970-2014.png
Done!
Processing variable: tas
Time period: 1970-2014
Domain: AUS-12
--------------------------------------------------

1. Importing data...
Reading CRU: /leonardo/home/userexternal/mdasilva/leonardo_work/CORDEX5/postproc/trend/global/tmp_CRU_year_1970-2014.nc
  Data shape: (45, 360, 720)
  Lon range: [-179.8, 179.8]
  Lat range: [-89.8, 89.8]
Reading ERA5: /leonardo/home/userexternal/mdasilva/leonardo_work/CORDEX5/postproc/trend/global/tas_ERA5_year_1970-2014.nc
Traceback (most recent call last):
  File "/leonardo/home/userexternal/mdasilva/github_projects/pypostdoc/cordex5/trend/plot_maps_trend_AUS-12.py", line 433, in <module>
    main()
    ~~~~^^
  File "/leonardo/home/userexternal/mdasilva/github_projects/pypostdoc/cordex5/trend/plot_maps_trend_AUS-12.py", line 321, in main
    lat_era5,  lon_era5,  era5_data  = import_regular_dataset(var, 'ERA5')
                                       ~~~~~~~~~~~~~~~~~~~~~~^^^^^^^^^^^^^
  File "/leonardo/home/userexternal/mdasilva/github_projects/pypostdoc/cordex5/trend/plot_maps_trend_AUS-12.py", line 146, in import_regular_dataset
    with netCDF4.Dataset(filename) as nc:
         ~~~~~~~~~~~~~~~^^^^^^^^^^
  File "src/netCDF4/_netCDF4.pyx", line 2521, in netCDF4._netCDF4.Dataset.__init__
  File "src/netCDF4/_netCDF4.pyx", line 2158, in netCDF4._netCDF4._ensure_nc_success
FileNotFoundError: [Errno 2] No such file or directory: '/leonardo/home/userexternal/mdasilva/leonardo_work/CORDEX5/postproc/trend/global/tas_ERA5_year_1970-2014.nc'
