
--------------- INIT PLOT ----------------
/leonardo/home/userexternal/mdasilva/github_projects/pypostdoc/cordex5/trend/function_trend.py:44: RuntimeWarning: divide by zero encountered in scalar divide
  r_squared = 1 - (ss_res / ss_tot)
/leonardo/home/userexternal/mdasilva/github_projects/pypostdoc/cordex5/trend/plot_maps_trend.py:395: UserWarning: FigureCanvasAgg is non-interactive, and thus cannot be shown
  plt.show()
Processing variable: pr
Time period: 1970-2014
Domain: EAS-12
--------------------------------------------------

1. Importing data...
Reading CRU: /leonardo/home/userexternal/mdasilva/leonardo_work/CORDEX5/postproc/trend/global/pre_CRU_year_1970-2014.nc
  Data shape: (45, 360, 720)
  Lon range: [-179.8, 179.8]
  Lat range: [-89.8, 89.8]
Reading ERA5: /leonardo/home/userexternal/mdasilva/leonardo_work/CORDEX5/postproc/trend/global/tp_ERA5_year_1970-2014.nc
  Data shape: (45, 721, 1440)
  Lon range: [-180.0, 179.8]
  Lat range: [-90.0, 90.0]
Reading RegCM5: /leonardo/home/userexternal/mdasilva/leonardo_work/CORDEX5/postproc/trend/EAS-12/pr_EAS-12_ERA5_RegCM5_year_1970-2014.nc
  2D lat/lon coordinates
  2D coordinates detected
  Data shape: (41, 671, 815)
  Lon shape: (671, 815), range: [-180.0, 180.0]
  Lat shape: (671, 815), range: [-9.5, 71.2]
Reading EC-Earth3-Veg: /leonardo/home/userexternal/mdasilva/leonardo_work/CORDEX5/postproc/trend/global/pr_EC-Earth3-Veg_year_1970-2014.nc
  Data shape: (45, 256, 512)
  Lon range: [-180.0, 179.3]
  Lat range: [-89.5, 89.5]
Reading MPI-ESM1-2-HR: /leonardo/home/userexternal/mdasilva/leonardo_work/CORDEX5/postproc/trend/global/pr_MPI-ESM1-2-HR_year_1970-2014.nc
  Data shape: (45, 192, 384)
  Lon range: [-180.0, 179.1]
  Lat range: [-89.3, 89.3]
Reading NorESM2-MM: /leonardo/home/userexternal/mdasilva/leonardo_work/CORDEX5/postproc/trend/global/pr_NorESM2-MM_year_1970-2014.nc
  Data shape: (45, 192, 288)
  Lon range: [-180.0, 178.8]
  Lat range: [-90.0, 90.0]
Reading EC-Earth3-Veg: /leonardo/home/userexternal/mdasilva/leonardo_work/CORDEX5/postproc/trend/global/pr_EC-Earth3-Veg_year_1970-2014.nc
  Data shape: (45, 256, 512)
  Lon range: [-180.0, 179.3]
  Lat range: [-89.5, 89.5]
Reading MPI-ESM1-2-HR: /leonardo/home/userexternal/mdasilva/leonardo_work/CORDEX5/postproc/trend/global/pr_MPI-ESM1-2-HR_year_1970-2014.nc
  Data shape: (45, 192, 384)
  Lon range: [-180.0, 179.1]
  Lat range: [-89.3, 89.3]
Reading NorESM2-MM: /leonardo/home/userexternal/mdasilva/leonardo_work/CORDEX5/postproc/trend/global/pr_NorESM2-MM_year_1970-2014.nc
  Data shape: (45, 192, 288)
  Lon range: [-180.0, 178.8]
  Lat range: [-90.0, 90.0]

2. Processing RegCM coordinates...
All the other domains uses regular lat/lon coordinates

3. Calculating trends...
  CRU trend range: [-43.828, 37.993]
  ERA5 trend range: [-35.188, 101.731]
  RegCM-ERA5 trend range: [-75.434, 140.512]
  RegCM-EC-Earth3-Veg trend range: [-33.846, 40.807]
  RegCM-MPI-ESM1-2-HR trend range: [-27.496, 23.862]
  RegCM-NorESM2-MM trend range: [-21.298, 21.436]
  EC-Earth3-Veg trend range: [-33.846, 40.807]
  MPI-ESM1-2-HR trend range: [-27.496, 23.862]
  NorESM2-MM trend range: [-21.298, 21.436]

4. Creating plot...

4. Saving figure: /leonardo/home/userexternal/mdasilva/leonardo_work/CORDEX5/figs/trend/pyplt_maps_trend_pr_EAS-12_RegCM5_1970-2014.png
Done!
/leonardo/home/userexternal/mdasilva/github_projects/pypostdoc/cordex5/trend/plot_maps_trend.py:395: UserWarning: FigureCanvasAgg is non-interactive, and thus cannot be shown
  plt.show()
Processing variable: tas
Time period: 1970-2014
Domain: EAS-12
--------------------------------------------------

1. Importing data...
Reading CRU: /leonardo/home/userexternal/mdasilva/leonardo_work/CORDEX5/postproc/trend/global/tmp_CRU_year_1970-2014.nc
  Data shape: (45, 360, 720)
  Lon range: [-179.8, 179.8]
  Lat range: [-89.8, 89.8]
Reading ERA5: /leonardo/home/userexternal/mdasilva/leonardo_work/CORDEX5/postproc/trend/global/t2m_ERA5_year_1970-2014.nc
  Data shape: (45, 721, 1440)
  Lon range: [-180.0, 179.8]
  Lat range: [-90.0, 90.0]
Reading RegCM5: /leonardo/home/userexternal/mdasilva/leonardo_work/CORDEX5/postproc/trend/EAS-12/tas_EAS-12_ERA5_RegCM5_year_1970-2014.nc
  2D lat/lon coordinates
  2D coordinates detected
  Data shape: (41, 671, 815)
  Lon shape: (671, 815), range: [-180.0, 180.0]
  Lat shape: (671, 815), range: [-9.5, 71.2]
Reading EC-Earth3-Veg: /leonardo/home/userexternal/mdasilva/leonardo_work/CORDEX5/postproc/trend/global/tas_EC-Earth3-Veg_year_1970-2014.nc
  Data shape: (45, 256, 512)
  Lon range: [-180.0, 179.3]
  Lat range: [-89.5, 89.5]
Reading MPI-ESM1-2-HR: /leonardo/home/userexternal/mdasilva/leonardo_work/CORDEX5/postproc/trend/global/tas_MPI-ESM1-2-HR_year_1970-2014.nc
  Data shape: (45, 192, 384)
  Lon range: [-180.0, 179.1]
  Lat range: [-89.3, 89.3]
Reading NorESM2-MM: /leonardo/home/userexternal/mdasilva/leonardo_work/CORDEX5/postproc/trend/global/tas_NorESM2-MM_year_1970-2014.nc
  Data shape: (45, 192, 288)
  Lon range: [-180.0, 178.8]
  Lat range: [-90.0, 90.0]
Reading EC-Earth3-Veg: /leonardo/home/userexternal/mdasilva/leonardo_work/CORDEX5/postproc/trend/global/tas_EC-Earth3-Veg_year_1970-2014.nc
  Data shape: (45, 256, 512)
  Lon range: [-180.0, 179.3]
  Lat range: [-89.5, 89.5]
Reading MPI-ESM1-2-HR: /leonardo/home/userexternal/mdasilva/leonardo_work/CORDEX5/postproc/trend/global/tas_MPI-ESM1-2-HR_year_1970-2014.nc
  Data shape: (45, 192, 384)
  Lon range: [-180.0, 179.1]
  Lat range: [-89.3, 89.3]
Reading NorESM2-MM: /leonardo/home/userexternal/mdasilva/leonardo_work/CORDEX5/postproc/trend/global/tas_NorESM2-MM_year_1970-2014.nc
  Data shape: (45, 192, 288)
  Lon range: [-180.0, 178.8]
  Lat range: [-90.0, 90.0]

2. Processing RegCM coordinates...
All the other domains uses regular lat/lon coordinates

3. Calculating trends...
  CRU trend range: [-0.078, 0.092]
  ERA5 trend range: [-0.055, 0.148]
  RegCM-ERA5 trend range: [-0.137, 0.122]
  RegCM-EC-Earth3-Veg trend range: [-0.021, 0.159]
  RegCM-MPI-ESM1-2-HR trend range: [-0.065, 0.106]
  RegCM-NorESM2-MM trend range: [-0.061, 0.134]
  EC-Earth3-Veg trend range: [-0.021, 0.159]
  MPI-ESM1-2-HR trend range: [-0.065, 0.106]
  NorESM2-MM trend range: [-0.061, 0.134]

4. Creating plot...

4. Saving figure: /leonardo/home/userexternal/mdasilva/leonardo_work/CORDEX5/figs/trend/pyplt_maps_trend_tas_EAS-12_RegCM5_1970-2014.png
Done!
/leonardo/home/userexternal/mdasilva/github_projects/pypostdoc/cordex5/trend/plot_maps_trend.py:395: UserWarning: FigureCanvasAgg is non-interactive, and thus cannot be shown
  plt.show()
Processing variable: tasmax
Time period: 1970-2014
Domain: EAS-12
--------------------------------------------------

1. Importing data...
Reading CRU: /leonardo/home/userexternal/mdasilva/leonardo_work/CORDEX5/postproc/trend/global/tmx_CRU_year_1970-2014.nc
  Data shape: (45, 360, 720)
  Lon range: [-179.8, 179.8]
  Lat range: [-89.8, 89.8]
Reading ERA5: /leonardo/home/userexternal/mdasilva/leonardo_work/CORDEX5/postproc/trend/global/mx2t_ERA5_year_1970-2014.nc
  Data shape: (45, 721, 1440)
  Lon range: [-180.0, 179.8]
  Lat range: [-90.0, 90.0]
Reading RegCM5: /leonardo/home/userexternal/mdasilva/leonardo_work/CORDEX5/postproc/trend/EAS-12/tasmax_EAS-12_ERA5_RegCM5_year_1970-2014.nc
  2D lat/lon coordinates
  2D coordinates detected
  Data shape: (41, 671, 815)
  Lon shape: (671, 815), range: [-180.0, 180.0]
  Lat shape: (671, 815), range: [-9.5, 71.2]
Reading EC-Earth3-Veg: /leonardo/home/userexternal/mdasilva/leonardo_work/CORDEX5/postproc/trend/global/tasmax_EC-Earth3-Veg_year_1970-2014.nc
  Data shape: (45, 256, 512)
  Lon range: [-180.0, 179.3]
  Lat range: [-89.5, 89.5]
Reading MPI-ESM1-2-HR: /leonardo/home/userexternal/mdasilva/leonardo_work/CORDEX5/postproc/trend/global/tasmax_MPI-ESM1-2-HR_year_1970-2014.nc
  Data shape: (45, 192, 384)
  Lon range: [-180.0, 179.1]
  Lat range: [-89.3, 89.3]
Reading NorESM2-MM: /leonardo/home/userexternal/mdasilva/leonardo_work/CORDEX5/postproc/trend/global/tasmax_NorESM2-MM_year_1970-2014.nc
  Data shape: (45, 192, 288)
  Lon range: [-180.0, 178.8]
  Lat range: [-90.0, 90.0]
Reading EC-Earth3-Veg: /leonardo/home/userexternal/mdasilva/leonardo_work/CORDEX5/postproc/trend/global/tasmax_EC-Earth3-Veg_year_1970-2014.nc
  Data shape: (45, 256, 512)
  Lon range: [-180.0, 179.3]
  Lat range: [-89.5, 89.5]
Reading MPI-ESM1-2-HR: /leonardo/home/userexternal/mdasilva/leonardo_work/CORDEX5/postproc/trend/global/tasmax_MPI-ESM1-2-HR_year_1970-2014.nc
  Data shape: (45, 192, 384)
  Lon range: [-180.0, 179.1]
  Lat range: [-89.3, 89.3]
Reading NorESM2-MM: /leonardo/home/userexternal/mdasilva/leonardo_work/CORDEX5/postproc/trend/global/tasmax_NorESM2-MM_year_1970-2014.nc
  Data shape: (45, 192, 288)
  Lon range: [-180.0, 178.8]
  Lat range: [-90.0, 90.0]

2. Processing RegCM coordinates...
All the other domains uses regular lat/lon coordinates

3. Calculating trends...
  CRU trend range: [-0.081, 0.096]
  ERA5 trend range: [-0.055, 0.156]
  RegCM-ERA5 trend range: [-0.110, 0.132]
  RegCM-EC-Earth3-Veg trend range: [-0.031, 0.143]
  RegCM-MPI-ESM1-2-HR trend range: [-0.057, 0.109]
  RegCM-NorESM2-MM trend range: [-0.049, 0.120]
  EC-Earth3-Veg trend range: [-0.031, 0.143]
  MPI-ESM1-2-HR trend range: [-0.057, 0.109]
  NorESM2-MM trend range: [-0.049, 0.120]

4. Creating plot...

4. Saving figure: /leonardo/home/userexternal/mdasilva/leonardo_work/CORDEX5/figs/trend/pyplt_maps_trend_tasmax_EAS-12_RegCM5_1970-2014.png
Done!
/leonardo/home/userexternal/mdasilva/github_projects/pypostdoc/cordex5/trend/plot_maps_trend.py:395: UserWarning: FigureCanvasAgg is non-interactive, and thus cannot be shown
  plt.show()
Processing variable: tasmin
Time period: 1970-2014
Domain: EAS-12
--------------------------------------------------

1. Importing data...
Reading CRU: /leonardo/home/userexternal/mdasilva/leonardo_work/CORDEX5/postproc/trend/global/tmn_CRU_year_1970-2014.nc
  Data shape: (45, 360, 720)
  Lon range: [-179.8, 179.8]
  Lat range: [-89.8, 89.8]
Reading ERA5: /leonardo/home/userexternal/mdasilva/leonardo_work/CORDEX5/postproc/trend/global/mn2t_ERA5_year_1970-2014.nc
  Data shape: (45, 721, 1440)
  Lon range: [-180.0, 179.8]
  Lat range: [-90.0, 90.0]
Reading RegCM5: /leonardo/home/userexternal/mdasilva/leonardo_work/CORDEX5/postproc/trend/EAS-12/tasmin_EAS-12_ERA5_RegCM5_year_1970-2014.nc
  2D lat/lon coordinates
  2D coordinates detected
  Data shape: (41, 671, 815)
  Lon shape: (671, 815), range: [-180.0, 180.0]
  Lat shape: (671, 815), range: [-9.5, 71.2]
Reading EC-Earth3-Veg: /leonardo/home/userexternal/mdasilva/leonardo_work/CORDEX5/postproc/trend/global/tasmin_EC-Earth3-Veg_year_1970-2014.nc
  Data shape: (45, 256, 512)
  Lon range: [-180.0, 179.3]
  Lat range: [-89.5, 89.5]
Reading MPI-ESM1-2-HR: /leonardo/home/userexternal/mdasilva/leonardo_work/CORDEX5/postproc/trend/global/tasmin_MPI-ESM1-2-HR_year_1970-2014.nc
  Data shape: (45, 192, 384)
  Lon range: [-180.0, 179.1]
  Lat range: [-89.3, 89.3]
Reading NorESM2-MM: /leonardo/home/userexternal/mdasilva/leonardo_work/CORDEX5/postproc/trend/global/tasmin_NorESM2-MM_year_1970-2014.nc
  Data shape: (45, 192, 288)
  Lon range: [-180.0, 178.8]
  Lat range: [-90.0, 90.0]
Reading EC-Earth3-Veg: /leonardo/home/userexternal/mdasilva/leonardo_work/CORDEX5/postproc/trend/global/tasmin_EC-Earth3-Veg_year_1970-2014.nc
  Data shape: (45, 256, 512)
  Lon range: [-180.0, 179.3]
  Lat range: [-89.5, 89.5]
Reading MPI-ESM1-2-HR: /leonardo/home/userexternal/mdasilva/leonardo_work/CORDEX5/postproc/trend/global/tasmin_MPI-ESM1-2-HR_year_1970-2014.nc
  Data shape: (45, 192, 384)
  Lon range: [-180.0, 179.1]
  Lat range: [-89.3, 89.3]
Reading NorESM2-MM: /leonardo/home/userexternal/mdasilva/leonardo_work/CORDEX5/postproc/trend/global/tasmin_NorESM2-MM_year_1970-2014.nc
  Data shape: (45, 192, 288)
  Lon range: [-180.0, 178.8]
  Lat range: [-90.0, 90.0]

2. Processing RegCM coordinates...
All the other domains uses regular lat/lon coordinates

3. Calculating trends...
  CRU trend range: [-0.076, 0.095]
  ERA5 trend range: [-0.056, 0.161]
  RegCM-ERA5 trend range: [-0.165, 0.153]
  RegCM-EC-Earth3-Veg trend range: [-0.025, 0.189]
  RegCM-MPI-ESM1-2-HR trend range: [-0.070, 0.102]
  RegCM-NorESM2-MM trend range: [-0.074, 0.151]
  EC-Earth3-Veg trend range: [-0.025, 0.189]
  MPI-ESM1-2-HR trend range: [-0.070, 0.102]
  NorESM2-MM trend range: [-0.074, 0.151]

4. Creating plot...

4. Saving figure: /leonardo/home/userexternal/mdasilva/leonardo_work/CORDEX5/figs/trend/pyplt_maps_trend_tasmin_EAS-12_RegCM5_1970-2014.png
Done!
