
--------------- INIT PLOT ----------------
/leonardo/home/userexternal/mdasilva/github_projects/pypostdoc/cordex5/evaluate/plot_maps_trend_v3.py:234: RuntimeWarning: divide by zero encountered in scalar divide
  r_squared = 1 - (ss_res / ss_tot)
/leonardo/home/userexternal/mdasilva/github_projects/pypostdoc/cordex5/evaluate/plot_maps_trend_v3.py:375: UserWarning: FigureCanvasAgg is non-interactive, and thus cannot be shown
  plt.show()
Processing variable: pr
Time period: 2000-2009
Domain: CSAM-3
--------------------------------------------------

1. Importing data...
Reading CRU: /leonardo/home/userexternal/mdasilva/leonardo_work/CORDEX5/postproc/trend/pre_CRU_year_2000-2009.nc
  Data shape: (10, 360, 720)
  Lon range: [-179.8, 179.8]
  Lat range: [-89.8, 89.8]
Reading ERA5: /leonardo/home/userexternal/mdasilva/leonardo_work/CORDEX5/postproc/trend/tp_ERA5_year_2000-2009.nc
  Data shape: (10, 721, 1440)
  Lon range: [0.0, 359.8]
  Lat range: [-90.0, 90.0]
Reading RegCM5: /leonardo/home/userexternal/mdasilva/leonardo_work/CORDEX5/postproc/trend/pr_CSAM-3_RegCM5_year_2000-2009.nc
  Using 2D lat/lon coordinates
  2D coordinates detected
  Data shape: (10, 780, 1228)
  Lon shape: (780, 1228), range: [-78.8, -35.3]
  Lat shape: (780, 1228), range: [-36.7, -12.2]

2. Processing RegCM coordinates...
  CSAM-3 domain uses regular lat/lon coordinates

3. Calculating trends...
  CRU trend range: [-222.764, 292.938]
  ERA5 trend range: [-753.826, 450.985]
  RegCM trend range: [-272.849, 293.420]

4. Creating plot...

4. Saving figure: /leonardo/home/userexternal/mdasilva/leonardo_work/CORDEX5/figs/trend/pyplt_maps_trend_pr_CSAM-3_RegCM5_2000-2009.png
Done!
/leonardo/home/userexternal/mdasilva/github_projects/pypostdoc/cordex5/evaluate/plot_maps_trend_v3.py:234: RuntimeWarning: divide by zero encountered in scalar divide
  r_squared = 1 - (ss_res / ss_tot)
/leonardo/home/userexternal/mdasilva/github_projects/pypostdoc/cordex5/evaluate/plot_maps_trend_v3.py:375: UserWarning: FigureCanvasAgg is non-interactive, and thus cannot be shown
  plt.show()
Processing variable: tas
Time period: 2000-2009
Domain: CSAM-3
--------------------------------------------------

1. Importing data...
Reading CRU: /leonardo/home/userexternal/mdasilva/leonardo_work/CORDEX5/postproc/trend/tmp_CRU_year_2000-2009.nc
  Data shape: (10, 360, 720)
  Lon range: [-179.8, 179.8]
  Lat range: [-89.8, 89.8]
Reading ERA5: /leonardo/home/userexternal/mdasilva/leonardo_work/CORDEX5/postproc/trend/tas_ERA5_year_2000-2009.nc
  Data shape: (10, 721, 1440)
  Lon range: [0.0, 359.8]
  Lat range: [-90.0, 90.0]
Reading RegCM5: /leonardo/home/userexternal/mdasilva/leonardo_work/CORDEX5/postproc/trend/tas_CSAM-3_RegCM5_year_2000-2009.nc
  Using 2D lat/lon coordinates
  2D coordinates detected
  Data shape: (10, 780, 1228)
  Lon shape: (780, 1228), range: [-78.8, -35.3]
  Lat shape: (780, 1228), range: [-36.7, -12.2]

2. Processing RegCM coordinates...
  CSAM-3 domain uses regular lat/lon coordinates

3. Calculating trends...
  CRU trend range: [-0.320, 0.267]
  ERA5 trend range: [-0.337, 0.480]
  RegCM trend range: [-0.718, 0.452]

4. Creating plot...

4. Saving figure: /leonardo/home/userexternal/mdasilva/leonardo_work/CORDEX5/figs/trend/pyplt_maps_trend_tas_CSAM-3_RegCM5_2000-2009.png
Done!
/leonardo/home/userexternal/mdasilva/github_projects/pypostdoc/cordex5/evaluate/plot_maps_trend_v3.py:234: RuntimeWarning: divide by zero encountered in scalar divide
  r_squared = 1 - (ss_res / ss_tot)
