
--------------- INIT PLOT ----------------
Loading CMOPRH...
Opening /leonardo/home/userexternal/mdasilva/leonardo_work/Otis_exp/cmorph/CMORPH_cut_domain_20251022_20251025.nc
  Loaded station: 23 hours
Loading ctrl...
Opening /leonardo/home/userexternal/mdasilva/leonardo_work/Otis_exp/exps/exps_v2/domain_small_regridded/ctrl/pr_ctrl_2023101900.nc
Loading holt_r2...
Opening /leonardo/home/userexternal/mdasilva/leonardo_work/Otis_exp/exps/exps_v2/domain_small_regridded/holt_r2/pr_holt_r2_2023101900.nc
Loading holt_r3...
Opening /leonardo/home/userexternal/mdasilva/leonardo_work/Otis_exp/exps/exps_v2/domain_small_regridded/holt_r3/pr_holt_r3_2023101900.nc
Loading uw_r2...
Opening /leonardo/home/userexternal/mdasilva/leonardo_work/Otis_exp/exps/exps_v2/domain_small_regridded/uw_r2/pr_uw_r2_2023101900.nc
Loading uw_r3...
Opening /leonardo/home/userexternal/mdasilva/leonardo_work/Otis_exp/exps/exps_v2/domain_small_regridded/uw_r3/pr_uw_r3_2023101900.nc
Ploting
Traceback (most recent call last):
  File "/leonardo/home/userexternal/mdasilva/github_projects/pypostdoc/otis_exp/plot_maps_hurricane_otis_p3_prec.py", line 111, in <module>
    norm = mcolors.BoundaryNorm(levels, ncolors=cmap.N, extend='max')
  File "/leonardo/pub/userexternal/ggiulian/intel/lib/python3.13/site-packages/matplotlib/colors.py", line 3000, in __init__
    raise ValueError(f"There are {self._n_regions} color bins "
    ...<2 lines>...
                     "number of bins")
ValueError: There are 31 color bins including extensions, but ncolors = 30; ncolors must equal or exceed the number of bins
